Using pre-set license
Built from '2020.3/staging' branch; Version is '2020.3.11f1 (99c7afb366b3) revision 10078127'; Using compiler version '192528614'; Build Type 'Release'
OS: 'Windows 10 Home Single Language; OS build 19043.1165; Version 2009; 64bit' Language: 'pt' Physical Memory: 10116 MB
BatchMode: 1, IsHumanControllingUs: 0, StartBugReporterOnCrash: 0, Is64bit: 1, IsPro: 0

 COMMAND LINE ARGUMENTS:
C:\Program Files\Unity\Hub\Editor\2020.3.11f1\Editor\Unity.exe
-adb2
-batchMode
-noUpm
-name
AssetImportWorker0
-projectPath
C:/Users/Hyuji/OneDrive/Documents/GitHub/Mirror
-logFile
Logs/AssetImportWorker0.log
-srvPort
61982
Successfully changed project path to: C:/Users/Hyuji/OneDrive/Documents/GitHub/Mirror
C:/Users/Hyuji/OneDrive/Documents/GitHub/Mirror
Using Asset Import Pipeline V2.
Refreshing native plugins compatible for Editor in 51.67 ms, found 2 plugins.
Preloading 0 native plugins for Editor in 0.00 ms.
Initialize engine version: 2020.3.11f1 (99c7afb366b3)
[Subsystems] Discovering subsystems at path C:/Program Files/Unity/Hub/Editor/2020.3.11f1/Editor/Data/Resources/UnitySubsystems
[Subsystems] Discovering subsystems at path C:/Users/Hyuji/OneDrive/Documents/GitHub/Mirror/Assets
GfxDevice: creating device client; threaded=0
Direct3D:
    Version:  Direct3D 11.0 [level 11.1]
    Renderer: AMD Radeon(TM) Vega 8 Graphics (ID=0x15d8)
    Vendor:   
    VRAM:     5058 MB
    Driver:   26.20.14046.3
Initialize mono
Mono path[0] = 'C:/Program Files/Unity/Hub/Editor/2020.3.11f1/Editor/Data/Managed'
Mono path[1] = 'C:/Program Files/Unity/Hub/Editor/2020.3.11f1/Editor/Data/MonoBleedingEdge/lib/mono/unityjit'
Mono config path = 'C:/Program Files/Unity/Hub/Editor/2020.3.11f1/Editor/Data/MonoBleedingEdge/etc'
Using monoOptions --debugger-agent=transport=dt_socket,embedding=1,server=y,suspend=n,address=127.0.0.1:56972
Begin MonoManager ReloadAssembly
Registering precompiled unity dll's ...
Register platform support module: C:/Program Files/Unity/Hub/Editor/2020.3.11f1/Editor/Data/PlaybackEngines/WebGLSupport/UnityEditor.WebGL.Extensions.dll
Register platform support module: C:/Program Files/Unity/Hub/Editor/2020.3.11f1/Editor/Data/PlaybackEngines/WindowsStandaloneSupport/UnityEditor.WindowsStandalone.Extensions.dll
Registered in 0.003307 seconds.
Native extension for WindowsStandalone target not found
Native extension for WebGL target not found
Refreshing native plugins compatible for Editor in 40.35 ms, found 2 plugins.
Preloading 0 native plugins for Editor in 0.00 ms.
Mono: successfully reloaded assembly
- Completed reload, in  1.732 seconds
Platform modules already initialized, skipping
Registering precompiled user dll's ...
Registered in 0.104720 seconds.
Begin MonoManager ReloadAssembly
Native extension for WindowsStandalone target not found
Native extension for WebGL target not found
Refreshing native plugins compatible for Editor in 0.51 ms, found 2 plugins.
Preloading 0 native plugins for Editor in 0.00 ms.
Mono: successfully reloaded assembly
- Completed reload, in  1.660 seconds
Platform modules already initialized, skipping
========================================================================
Worker process is ready to serve import requests
Launched and connected shader compiler UnityShaderCompiler.exe after 0.12 seconds
Refreshing native plugins compatible for Editor in 0.66 ms, found 2 plugins.
Preloading 0 native plugins for Editor in 0.00 ms.
Unloading 1695 Unused Serialized files (Serialized files now loaded: 0)
System memory in use before: 74.6 MB.
System memory in use after: 74.7 MB.

Unloading 24 unused Assets to reduce memory usage. Loaded Objects now: 2125.
Total: 3.628700 ms (FindLiveObjects: 0.284300 ms CreateObjectMapping: 0.086600 ms MarkObjects: 3.120300 ms  DeleteObjects: 0.135700 ms)

========================================================================
Received Import Request.
  path: Assets/Scripts/GameList.cs
  artifactKey: Guid(fb1fd644e86446e4ba36fdfa83d9b3db) Importer(815301076,1909f56bfc062723c751e8b465ee728b)
Start importing Assets/Scripts/GameList.cs using Guid(fb1fd644e86446e4ba36fdfa83d9b3db) Importer(815301076,1909f56bfc062723c751e8b465ee728b)  -> (artifact id: '340b20848cde76ee171ee76fbaac2719') in 0.137098 seconds
  Import took 0.141460 seconds .

========================================================================
Received Import Request.
  Time since last request: 0.000344 seconds.
  path: Assets/Scripts/GameController.cs
  artifactKey: Guid(9dffa8638a742734d8f296a2877f80b8) Importer(815301076,1909f56bfc062723c751e8b465ee728b)
Start importing Assets/Scripts/GameController.cs using Guid(9dffa8638a742734d8f296a2877f80b8) Importer(815301076,1909f56bfc062723c751e8b465ee728b)  -> (artifact id: 'e55f3239d10d719a86eb8c0a4f2a3cc1') in 0.011381 seconds
  Import took 0.015598 seconds .

========================================================================
Received Import Request.
  Time since last request: 198.856835 seconds.
  path: Assets/PolygonStarter/Prefabs/SM_PolygonPrototype_Icon_Coin_01.prefab
  artifactKey: Guid(160a6121b4d25254da31bdab63ad82b7) Importer(815301076,1909f56bfc062723c751e8b465ee728b)
Start importing Assets/PolygonStarter/Prefabs/SM_PolygonPrototype_Icon_Coin_01.prefab using Guid(160a6121b4d25254da31bdab63ad82b7) Importer(815301076,1909f56bfc062723c751e8b465ee728b)  -> (artifact id: '6d58066b39f8cdc9b9e4e03a30a6bda5') in 0.142030 seconds
  Import took 0.146688 seconds .

========================================================================
Received Import Request.
  Time since last request: 0.008351 seconds.
  path: Assets/PolygonStarter/Prefabs/SM_PolygonPrototype_Icon_Coin_01.prefab
  artifactKey: Guid(160a6121b4d25254da31bdab63ad82b7) Importer(815301076,1909f56bfc062723c751e8b465ee728b)
Start importing Assets/PolygonStarter/Prefabs/SM_PolygonPrototype_Icon_Coin_01.prefab using Guid(160a6121b4d25254da31bdab63ad82b7) Importer(815301076,1909f56bfc062723c751e8b465ee728b)  -> (artifact id: '6d58066b39f8cdc9b9e4e03a30a6bda5') in 0.018727 seconds
  Import took 0.024210 seconds .

========================================================================
Received Prepare
Registering precompiled user dll's ...
Registered in 0.006756 seconds.
Begin MonoManager ReloadAssembly
Native extension for WindowsStandalone target not found
Native extension for WebGL target not found
Refreshing native plugins compatible for Editor in 0.77 ms, found 2 plugins.
Preloading 0 native plugins for Editor in 0.00 ms.
Mono: successfully reloaded assembly
- Completed reload, in  1.376 seconds
Platform modules already initialized, skipping
Refreshing native plugins compatible for Editor in 0.53 ms, found 2 plugins.
Preloading 0 native plugins for Editor in 0.00 ms.
Unloading 1690 Unused Serialized files (Serialized files now loaded: 0)
System memory in use before: 77.7 MB.
System memory in use after: 77.8 MB.

Unloading 19 unused Assets to reduce memory usage. Loaded Objects now: 2135.
Total: 3.392800 ms (FindLiveObjects: 0.240900 ms CreateObjectMapping: 0.062100 ms MarkObjects: 2.997500 ms  DeleteObjects: 0.090600 ms)

========================================================================
Received Import Request.
  Time since last request: 169.180613 seconds.
  path: Assets/Scripts/GameController.cs
  artifactKey: Guid(9dffa8638a742734d8f296a2877f80b8) Importer(815301076,1909f56bfc062723c751e8b465ee728b)
Start importing Assets/Scripts/GameController.cs using Guid(9dffa8638a742734d8f296a2877f80b8) Importer(815301076,1909f56bfc062723c751e8b465ee728b)  -> (artifact id: '09d0845b87665bfcfe28d0e2891482e0') in 0.014505 seconds
  Import took 0.018550 seconds .

========================================================================
Received Prepare
Registering precompiled user dll's ...
Registered in 0.008179 seconds.
Begin MonoManager ReloadAssembly
Native extension for WindowsStandalone target not found
Native extension for WebGL target not found
Refreshing native plugins compatible for Editor in 0.50 ms, found 2 plugins.
Preloading 0 native plugins for Editor in 0.00 ms.
Mono: successfully reloaded assembly
- Completed reload, in  1.332 seconds
Platform modules already initialized, skipping
Refreshing native plugins compatible for Editor in 0.50 ms, found 2 plugins.
Preloading 0 native plugins for Editor in 0.00 ms.
Unloading 1690 Unused Serialized files (Serialized files now loaded: 0)
System memory in use before: 77.7 MB.
System memory in use after: 77.8 MB.

Unloading 19 unused Assets to reduce memory usage. Loaded Objects now: 2138.
Total: 3.398000 ms (FindLiveObjects: 0.237100 ms CreateObjectMapping: 0.063700 ms MarkObjects: 3.000200 ms  DeleteObjects: 0.095000 ms)

========================================================================
Received Import Request.
  Time since last request: 42.707917 seconds.
  path: Assets/Scripts/GameController.cs
  artifactKey: Guid(9dffa8638a742734d8f296a2877f80b8) Importer(815301076,1909f56bfc062723c751e8b465ee728b)
Start importing Assets/Scripts/GameController.cs using Guid(9dffa8638a742734d8f296a2877f80b8) Importer(815301076,1909f56bfc062723c751e8b465ee728b)  -> (artifact id: '4afc08f6bade65a4d337a75d7d9f912f') in 0.006674 seconds
  Import took 0.010262 seconds .

========================================================================
Received Import Request.
  Time since last request: 192.122986 seconds.
  path: Assets/Scripts/GameController.cs
  artifactKey: Guid(9dffa8638a742734d8f296a2877f80b8) Importer(815301076,1909f56bfc062723c751e8b465ee728b)
Start importing Assets/Scripts/GameController.cs using Guid(9dffa8638a742734d8f296a2877f80b8) Importer(815301076,1909f56bfc062723c751e8b465ee728b)  -> (artifact id: '8a7b2bf769e944beaac5c11b86576db5') in 0.005204 seconds
  Import took 0.010018 seconds .

========================================================================
Received Prepare
Registering precompiled user dll's ...
Registered in 0.006977 seconds.
Begin MonoManager ReloadAssembly
Native extension for WindowsStandalone target not found
Native extension for WebGL target not found
Refreshing native plugins compatible for Editor in 0.50 ms, found 2 plugins.
Preloading 0 native plugins for Editor in 0.00 ms.
Mono: successfully reloaded assembly
- Completed reload, in  1.344 seconds
Platform modules already initialized, skipping
Refreshing native plugins compatible for Editor in 0.55 ms, found 2 plugins.
Preloading 0 native plugins for Editor in 0.00 ms.
Unloading 1690 Unused Serialized files (Serialized files now loaded: 0)
System memory in use before: 77.7 MB.
System memory in use after: 77.8 MB.

Unloading 19 unused Assets to reduce memory usage. Loaded Objects now: 2141.
Total: 3.075500 ms (FindLiveObjects: 0.242500 ms CreateObjectMapping: 0.062100 ms MarkObjects: 2.679000 ms  DeleteObjects: 0.090200 ms)

========================================================================
Received Import Request.
  Time since last request: 198.551988 seconds.
  path: Assets/Scripts/CoinScript.cs
  artifactKey: Guid(772cda18fa465f04281225cbe0877064) Importer(815301076,1909f56bfc062723c751e8b465ee728b)
Start importing Assets/Scripts/CoinScript.cs using Guid(772cda18fa465f04281225cbe0877064) Importer(815301076,1909f56bfc062723c751e8b465ee728b)  -> (artifact id: 'eaa9dba344042ff5987de9356da1432a') in 0.038468 seconds
  Import took 0.043604 seconds .

========================================================================
Received Prepare
Registering precompiled user dll's ...
Registered in 0.009794 seconds.
Begin MonoManager ReloadAssembly
Native extension for WindowsStandalone target not found
Native extension for WebGL target not found
Refreshing native plugins compatible for Editor in 0.50 ms, found 2 plugins.
Preloading 0 native plugins for Editor in 0.00 ms.
Mono: successfully reloaded assembly
- Completed reload, in  1.298 seconds
Platform modules already initialized, skipping
Refreshing native plugins compatible for Editor in 0.52 ms, found 2 plugins.
Preloading 0 native plugins for Editor in 0.00 ms.
Unloading 1690 Unused Serialized files (Serialized files now loaded: 0)
System memory in use before: 77.7 MB.
System memory in use after: 77.8 MB.

Unloading 19 unused Assets to reduce memory usage. Loaded Objects now: 2144.
Total: 3.719900 ms (FindLiveObjects: 0.298800 ms CreateObjectMapping: 0.090500 ms MarkObjects: 3.229100 ms  DeleteObjects: 0.099600 ms)

========================================================================
Received Import Request.
  Time since last request: 47.861703 seconds.
  path: Assets/Scripts/TargetScript.cs
  artifactKey: Guid(3800c6d4be3f3f8478d84e5732a6e2c3) Importer(815301076,1909f56bfc062723c751e8b465ee728b)
Start importing Assets/Scripts/TargetScript.cs using Guid(3800c6d4be3f3f8478d84e5732a6e2c3) Importer(815301076,1909f56bfc062723c751e8b465ee728b)  -> (artifact id: 'e5e83edf033718a6a0be733148f35ad3') in 0.013267 seconds
  Import took 0.017020 seconds .

========================================================================
Received Prepare
Registering precompiled user dll's ...
Registered in 0.007931 seconds.
Begin MonoManager ReloadAssembly
Native extension for WindowsStandalone target not found
Native extension for WebGL target not found
Refreshing native plugins compatible for Editor in 0.50 ms, found 2 plugins.
Preloading 0 native plugins for Editor in 0.00 ms.
Mono: successfully reloaded assembly
- Completed reload, in  1.247 seconds
Platform modules already initialized, skipping
Refreshing native plugins compatible for Editor in 0.54 ms, found 2 plugins.
Preloading 0 native plugins for Editor in 0.00 ms.
Unloading 1690 Unused Serialized files (Serialized files now loaded: 0)
System memory in use before: 77.7 MB.
System memory in use after: 77.8 MB.

Unloading 19 unused Assets to reduce memory usage. Loaded Objects now: 2147.
Total: 3.562600 ms (FindLiveObjects: 0.228500 ms CreateObjectMapping: 0.057200 ms MarkObjects: 3.183300 ms  DeleteObjects: 0.091800 ms)

========================================================================
Received Import Request.
  Time since last request: 51.352493 seconds.
  path: Assets/Prefabs/Player.prefab
  artifactKey: Guid(295ee726123a62e4a898a740bb69a3b4) Importer(815301076,1909f56bfc062723c751e8b465ee728b)
Start importing Assets/Prefabs/Player.prefab using Guid(295ee726123a62e4a898a740bb69a3b4) Importer(815301076,1909f56bfc062723c751e8b465ee728b)  -> (artifact id: 'bd937097b76fd767dae09623a35daf62') in 0.141622 seconds
  Import took 0.145748 seconds .

========================================================================
Received Prepare
Registering precompiled user dll's ...
Registered in 0.009898 seconds.
Begin MonoManager ReloadAssembly
Native extension for WindowsStandalone target not found
Native extension for WebGL target not found
Refreshing native plugins compatible for Editor in 0.66 ms, found 2 plugins.
Preloading 0 native plugins for Editor in 0.00 ms.
Mono: successfully reloaded assembly
- Completed reload, in  1.377 seconds
Platform modules already initialized, skipping
Refreshing native plugins compatible for Editor in 0.53 ms, found 2 plugins.
Preloading 0 native plugins for Editor in 0.00 ms.
Unloading 1690 Unused Serialized files (Serialized files now loaded: 0)
System memory in use before: 77.8 MB.
System memory in use after: 77.9 MB.

Unloading 20 unused Assets to reduce memory usage. Loaded Objects now: 2153.
Total: 3.574400 ms (FindLiveObjects: 0.288200 ms CreateObjectMapping: 0.060600 ms MarkObjects: 3.123200 ms  DeleteObjects: 0.100000 ms)

========================================================================
Received Import Request.
  Time since last request: 7.617932 seconds.
  path: Assets/Prefabs/Player.prefab
  artifactKey: Guid(295ee726123a62e4a898a740bb69a3b4) Importer(815301076,1909f56bfc062723c751e8b465ee728b)
Start importing Assets/Prefabs/Player.prefab using Guid(295ee726123a62e4a898a740bb69a3b4) Importer(815301076,1909f56bfc062723c751e8b465ee728b)  -> (artifact id: '467b4df9eb55d11d6ce40365c2ba9549') in 0.100982 seconds
  Import took 0.104934 seconds .

========================================================================
Received Prepare
Registering precompiled user dll's ...
Registered in 0.009217 seconds.
Begin MonoManager ReloadAssembly
Native extension for WindowsStandalone target not found
Native extension for WebGL target not found
Refreshing native plugins compatible for Editor in 0.51 ms, found 2 plugins.
Preloading 0 native plugins for Editor in 0.00 ms.
Mono: successfully reloaded assembly
- Completed reload, in  1.331 seconds
Platform modules already initialized, skipping
Refreshing native plugins compatible for Editor in 0.51 ms, found 2 plugins.
Preloading 0 native plugins for Editor in 0.00 ms.
Unloading 1690 Unused Serialized files (Serialized files now loaded: 0)
System memory in use before: 77.8 MB.
System memory in use after: 77.9 MB.

Unloading 20 unused Assets to reduce memory usage. Loaded Objects now: 2157.
Total: 3.684900 ms (FindLiveObjects: 0.286500 ms CreateObjectMapping: 0.086400 ms MarkObjects: 3.204900 ms  DeleteObjects: 0.104900 ms)

========================================================================
Received Import Request.
  Time since last request: 48.845626 seconds.
  path: Assets/Prefabs/Player.prefab
  artifactKey: Guid(295ee726123a62e4a898a740bb69a3b4) Importer(815301076,1909f56bfc062723c751e8b465ee728b)
Start importing Assets/Prefabs/Player.prefab using Guid(295ee726123a62e4a898a740bb69a3b4) Importer(815301076,1909f56bfc062723c751e8b465ee728b)  -> (artifact id: '42724ecee6f8defa7900bebca93a67bb') in 0.099763 seconds
  Import took 0.104383 seconds .

========================================================================
Received Prepare
Registering precompiled user dll's ...
Registered in 0.006766 seconds.
Begin MonoManager ReloadAssembly
Native extension for WindowsStandalone target not found
Native extension for WebGL target not found
Refreshing native plugins compatible for Editor in 0.53 ms, found 2 plugins.
Preloading 0 native plugins for Editor in 0.00 ms.
Mono: successfully reloaded assembly
- Completed reload, in  1.421 seconds
Platform modules already initialized, skipping
Refreshing native plugins compatible for Editor in 0.57 ms, found 2 plugins.
Preloading 0 native plugins for Editor in 0.00 ms.
Unloading 1691 Unused Serialized files (Serialized files now loaded: 0)
System memory in use before: 77.8 MB.
System memory in use after: 77.9 MB.

Unloading 20 unused Assets to reduce memory usage. Loaded Objects now: 2162.
Total: 3.594100 ms (FindLiveObjects: 0.290200 ms CreateObjectMapping: 0.085900 ms MarkObjects: 3.109700 ms  DeleteObjects: 0.105100 ms)

========================================================================
Received Import Request.
  Time since last request: 62.299072 seconds.
  path: Assets/Scripts/WallScript.cs
  artifactKey: Guid(8627527870a641243b47bb4267dd4441) Importer(815301076,1909f56bfc062723c751e8b465ee728b)
Start importing Assets/Scripts/WallScript.cs using Guid(8627527870a641243b47bb4267dd4441) Importer(815301076,1909f56bfc062723c751e8b465ee728b)  -> (artifact id: '77e2a4058729f807161cb6e50d3ee167') in 0.015621 seconds
  Import took 0.019848 seconds .

========================================================================
Received Prepare
Registering precompiled user dll's ...
Registered in 0.006549 seconds.
Begin MonoManager ReloadAssembly
Native extension for WindowsStandalone target not found
Native extension for WebGL target not found
Refreshing native plugins compatible for Editor in 1.22 ms, found 2 plugins.
Preloading 0 native plugins for Editor in 0.00 ms.
Mono: successfully reloaded assembly
- Completed reload, in  1.425 seconds
Platform modules already initialized, skipping
Refreshing native plugins compatible for Editor in 0.61 ms, found 2 plugins.
Preloading 0 native plugins for Editor in 0.00 ms.
Unloading 1691 Unused Serialized files (Serialized files now loaded: 0)
System memory in use before: 77.8 MB.
System memory in use after: 77.9 MB.

Unloading 19 unused Assets to reduce memory usage. Loaded Objects now: 2165.
Total: 2.780700 ms (FindLiveObjects: 0.259400 ms CreateObjectMapping: 0.052000 ms MarkObjects: 2.379300 ms  DeleteObjects: 0.087800 ms)

========================================================================
Received Import Request.
  Time since last request: 134.518429 seconds.
  path: Assets/Scripts/WallScript.cs
  artifactKey: Guid(8627527870a641243b47bb4267dd4441) Importer(815301076,1909f56bfc062723c751e8b465ee728b)
Start importing Assets/Scripts/WallScript.cs using Guid(8627527870a641243b47bb4267dd4441) Importer(815301076,1909f56bfc062723c751e8b465ee728b)  -> (artifact id: 'c559c0a224beb0164f0bdd6998ea7220') in 0.007848 seconds
  Import took 0.012218 seconds .

========================================================================
Received Import Request.
  Time since last request: 59.757132 seconds.
  path: Assets/Scripts/GameController.cs
  artifactKey: Guid(9dffa8638a742734d8f296a2877f80b8) Importer(815301076,1909f56bfc062723c751e8b465ee728b)
Start importing Assets/Scripts/GameController.cs using Guid(9dffa8638a742734d8f296a2877f80b8) Importer(815301076,1909f56bfc062723c751e8b465ee728b)  -> (artifact id: '18c6c4f1540b7ad65cdeab6b36254640') in 0.006193 seconds
  Import took 0.009899 seconds .

========================================================================
Received Import Request.
  Time since last request: 0.038564 seconds.
  path: Assets/Scripts/GameController.cs
  artifactKey: Guid(9dffa8638a742734d8f296a2877f80b8) Importer(815301076,1909f56bfc062723c751e8b465ee728b)
Start importing Assets/Scripts/GameController.cs using Guid(9dffa8638a742734d8f296a2877f80b8) Importer(815301076,1909f56bfc062723c751e8b465ee728b)  -> (artifact id: '18c6c4f1540b7ad65cdeab6b36254640') in 0.005792 seconds
  Import took 0.011194 seconds .

========================================================================
Received Prepare
Registering precompiled user dll's ...
Registered in 0.009804 seconds.
Begin MonoManager ReloadAssembly
Native extension for WindowsStandalone target not found
Native extension for WebGL target not found
Refreshing native plugins compatible for Editor in 0.51 ms, found 2 plugins.
Preloading 0 native plugins for Editor in 0.00 ms.
Mono: successfully reloaded assembly
- Completed reload, in  1.325 seconds
Platform modules already initialized, skipping
Refreshing native plugins compatible for Editor in 0.53 ms, found 2 plugins.
Preloading 0 native plugins for Editor in 0.00 ms.
Unloading 1691 Unused Serialized files (Serialized files now loaded: 0)
System memory in use before: 77.9 MB.
System memory in use after: 77.9 MB.

Unloading 19 unused Assets to reduce memory usage. Loaded Objects now: 2168.
Total: 3.098700 ms (FindLiveObjects: 0.252300 ms CreateObjectMapping: 0.059500 ms MarkObjects: 2.689600 ms  DeleteObjects: 0.095600 ms)

========================================================================
Received Prepare
Registering precompiled user dll's ...
Registered in 0.007626 seconds.
Begin MonoManager ReloadAssembly
Native extension for WindowsStandalone target not found
Native extension for WebGL target not found
Refreshing native plugins compatible for Editor in 0.98 ms, found 2 plugins.
Preloading 0 native plugins for Editor in 0.00 ms.
Mono: successfully reloaded assembly
- Completed reload, in  1.378 seconds
Platform modules already initialized, skipping
Refreshing native plugins compatible for Editor in 0.58 ms, found 2 plugins.
Preloading 0 native plugins for Editor in 0.00 ms.
Unloading 1691 Unused Serialized files (Serialized files now loaded: 0)
System memory in use before: 77.9 MB.
System memory in use after: 77.9 MB.

Unloading 19 unused Assets to reduce memory usage. Loaded Objects now: 2171.
Total: 3.733600 ms (FindLiveObjects: 0.295000 ms CreateObjectMapping: 0.093500 ms MarkObjects: 3.242800 ms  DeleteObjects: 0.099500 ms)

========================================================================
Received Prepare
Registering precompiled user dll's ...
Registered in 0.008335 seconds.
Begin MonoManager ReloadAssembly
Native extension for WindowsStandalone target not found
Native extension for WebGL target not found
Refreshing native plugins compatible for Editor in 0.67 ms, found 2 plugins.
Preloading 0 native plugins for Editor in 0.00 ms.
Mono: successfully reloaded assembly
- Completed reload, in  1.260 seconds
Platform modules already initialized, skipping
Refreshing native plugins compatible for Editor in 0.50 ms, found 2 plugins.
Preloading 0 native plugins for Editor in 0.00 ms.
Unloading 1691 Unused Serialized files (Serialized files now loaded: 0)
System memory in use before: 77.9 MB.
System memory in use after: 77.9 MB.

Unloading 19 unused Assets to reduce memory usage. Loaded Objects now: 2174.
Total: 3.419600 ms (FindLiveObjects: 0.238900 ms CreateObjectMapping: 0.061500 ms MarkObjects: 3.021500 ms  DeleteObjects: 0.096000 ms)

========================================================================
Received Import Request.
  Time since last request: 353.276967 seconds.
  path: Assets/Scripts/GameController.cs
  artifactKey: Guid(9dffa8638a742734d8f296a2877f80b8) Importer(815301076,1909f56bfc062723c751e8b465ee728b)
Start importing Assets/Scripts/GameController.cs using Guid(9dffa8638a742734d8f296a2877f80b8) Importer(815301076,1909f56bfc062723c751e8b465ee728b)  -> (artifact id: '4e2c0cd39b8cf39364f2aff683e55941') in 0.012971 seconds
  Import took 0.017445 seconds .

========================================================================
Received Import Request.
  Time since last request: 0.034473 seconds.
  path: Assets/Scripts/GameController.cs
  artifactKey: Guid(9dffa8638a742734d8f296a2877f80b8) Importer(815301076,1909f56bfc062723c751e8b465ee728b)
Start importing Assets/Scripts/GameController.cs using Guid(9dffa8638a742734d8f296a2877f80b8) Importer(815301076,1909f56bfc062723c751e8b465ee728b)  -> (artifact id: '4e2c0cd39b8cf39364f2aff683e55941') in 0.005900 seconds
  Import took 0.010903 seconds .

========================================================================
Received Prepare
Registering precompiled user dll's ...
Registered in 0.008616 seconds.
Begin MonoManager ReloadAssembly
Native extension for WindowsStandalone target not found
Native extension for WebGL target not found
Refreshing native plugins compatible for Editor in 0.49 ms, found 2 plugins.
Preloading 0 native plugins for Editor in 0.00 ms.
Mono: successfully reloaded assembly
- Completed reload, in  1.322 seconds
Platform modules already initialized, skipping
Refreshing native plugins compatible for Editor in 0.58 ms, found 2 plugins.
Preloading 0 native plugins for Editor in 0.00 ms.
Unloading 1691 Unused Serialized files (Serialized files now loaded: 0)
System memory in use before: 77.9 MB.
System memory in use after: 78.0 MB.

Unloading 19 unused Assets to reduce memory usage. Loaded Objects now: 2177.
Total: 3.602100 ms (FindLiveObjects: 0.303900 ms CreateObjectMapping: 0.090200 ms MarkObjects: 3.105900 ms  DeleteObjects: 0.099600 ms)

========================================================================
Received Import Request.
  Time since last request: 56.485563 seconds.
  path: Assets/Scripts/GameController.cs
  artifactKey: Guid(9dffa8638a742734d8f296a2877f80b8) Importer(815301076,1909f56bfc062723c751e8b465ee728b)
Start importing Assets/Scripts/GameController.cs using Guid(9dffa8638a742734d8f296a2877f80b8) Importer(815301076,1909f56bfc062723c751e8b465ee728b)  -> (artifact id: '4cb4b949ed7758125ac9399f59478220') in 0.010487 seconds
  Import took 0.014857 seconds .

========================================================================
Received Import Request.
  Time since last request: 2.742860 seconds.
  path: Assets/Scripts/GameController.cs
  artifactKey: Guid(9dffa8638a742734d8f296a2877f80b8) Importer(815301076,1909f56bfc062723c751e8b465ee728b)
Start importing Assets/Scripts/GameController.cs using Guid(9dffa8638a742734d8f296a2877f80b8) Importer(815301076,1909f56bfc062723c751e8b465ee728b)  -> (artifact id: '4cb4b949ed7758125ac9399f59478220') in 0.006182 seconds
  Import took 0.010782 seconds .

========================================================================
Received Prepare
Registering precompiled user dll's ...
Registered in 0.008564 seconds.
Begin MonoManager ReloadAssembly
Native extension for WindowsStandalone target not found
Native extension for WebGL target not found
Refreshing native plugins compatible for Editor in 0.79 ms, found 2 plugins.
Preloading 0 native plugins for Editor in 0.00 ms.
Mono: successfully reloaded assembly
- Completed reload, in  2.016 seconds
Platform modules already initialized, skipping
Refreshing native plugins compatible for Editor in 0.63 ms, found 2 plugins.
Preloading 0 native plugins for Editor in 0.00 ms.
Unloading 1691 Unused Serialized files (Serialized files now loaded: 0)
System memory in use before: 77.9 MB.
System memory in use after: 78.0 MB.

Unloading 19 unused Assets to reduce memory usage. Loaded Objects now: 2180.
Total: 4.195000 ms (FindLiveObjects: 0.277200 ms CreateObjectMapping: 0.068800 ms MarkObjects: 3.701400 ms  DeleteObjects: 0.144600 ms)

========================================================================
Received Prepare
Registering precompiled user dll's ...
Registered in 0.007870 seconds.
Begin MonoManager ReloadAssembly
Native extension for WindowsStandalone target not found
Native extension for WebGL target not found
Refreshing native plugins compatible for Editor in 0.51 ms, found 2 plugins.
Preloading 0 native plugins for Editor in 0.00 ms.
Mono: successfully reloaded assembly
- Completed reload, in  1.355 seconds
Platform modules already initialized, skipping
Refreshing native plugins compatible for Editor in 0.53 ms, found 2 plugins.
Preloading 0 native plugins for Editor in 0.00 ms.
Unloading 1691 Unused Serialized files (Serialized files now loaded: 0)
System memory in use before: 77.9 MB.
System memory in use after: 78.0 MB.

Unloading 19 unused Assets to reduce memory usage. Loaded Objects now: 2183.
Total: 3.822200 ms (FindLiveObjects: 0.304500 ms CreateObjectMapping: 0.090900 ms MarkObjects: 3.323600 ms  DeleteObjects: 0.100900 ms)

========================================================================
Received Import Request.
  Time since last request: 71.964607 seconds.
  path: Assets/Scripts/GameController.cs
  artifactKey: Guid(9dffa8638a742734d8f296a2877f80b8) Importer(815301076,1909f56bfc062723c751e8b465ee728b)
Start importing Assets/Scripts/GameController.cs using Guid(9dffa8638a742734d8f296a2877f80b8) Importer(815301076,1909f56bfc062723c751e8b465ee728b)  -> (artifact id: 'd576296f8f3f27c0c4d8cc1d7640de83') in 0.012775 seconds
  Import took 0.017494 seconds .

========================================================================
Received Import Request.
  Time since last request: 1.382784 seconds.
  path: Assets/Scripts/GameController.cs
  artifactKey: Guid(9dffa8638a742734d8f296a2877f80b8) Importer(815301076,1909f56bfc062723c751e8b465ee728b)
Start importing Assets/Scripts/GameController.cs using Guid(9dffa8638a742734d8f296a2877f80b8) Importer(815301076,1909f56bfc062723c751e8b465ee728b)  -> (artifact id: 'd576296f8f3f27c0c4d8cc1d7640de83') in 0.006376 seconds
  Import took 0.011736 seconds .

========================================================================
Received Prepare
Registering precompiled user dll's ...
Registered in 0.007469 seconds.
Begin MonoManager ReloadAssembly
Native extension for WindowsStandalone target not found
Native extension for WebGL target not found
Refreshing native plugins compatible for Editor in 0.67 ms, found 2 plugins.
Preloading 0 native plugins for Editor in 0.00 ms.
Mono: successfully reloaded assembly
- Completed reload, in  1.279 seconds
Platform modules already initialized, skipping
Refreshing native plugins compatible for Editor in 0.53 ms, found 2 plugins.
Preloading 0 native plugins for Editor in 0.00 ms.
Unloading 1691 Unused Serialized files (Serialized files now loaded: 0)
System memory in use before: 77.9 MB.
System memory in use after: 78.0 MB.

Unloading 19 unused Assets to reduce memory usage. Loaded Objects now: 2186.
Total: 3.586200 ms (FindLiveObjects: 0.284700 ms CreateObjectMapping: 0.087100 ms MarkObjects: 3.116500 ms  DeleteObjects: 0.095600 ms)

========================================================================
Received Import Request.
  Time since last request: 136.322275 seconds.
  path: Assets/Scripts/GameController.cs
  artifactKey: Guid(9dffa8638a742734d8f296a2877f80b8) Importer(815301076,1909f56bfc062723c751e8b465ee728b)
Start importing Assets/Scripts/GameController.cs using Guid(9dffa8638a742734d8f296a2877f80b8) Importer(815301076,1909f56bfc062723c751e8b465ee728b)  -> (artifact id: 'ef33371146f41ba44ae360c22513dbb6') in 0.009654 seconds
  Import took 0.014689 seconds .

========================================================================
Received Import Request.
  Time since last request: 0.003854 seconds.
  path: Assets/Scripts/GameController.cs
  artifactKey: Guid(9dffa8638a742734d8f296a2877f80b8) Importer(815301076,1909f56bfc062723c751e8b465ee728b)
Start importing Assets/Scripts/GameController.cs using Guid(9dffa8638a742734d8f296a2877f80b8) Importer(815301076,1909f56bfc062723c751e8b465ee728b)  -> (artifact id: 'ef33371146f41ba44ae360c22513dbb6') in 0.004021 seconds
  Import took 0.008442 seconds .

========================================================================
Received Prepare
Registering precompiled user dll's ...
Registered in 0.011430 seconds.
Begin MonoManager ReloadAssembly
Native extension for WindowsStandalone target not found
Native extension for WebGL target not found
Refreshing native plugins compatible for Editor in 0.54 ms, found 2 plugins.
Preloading 0 native plugins for Editor in 0.00 ms.
Mono: successfully reloaded assembly
- Completed reload, in  1.704 seconds
Platform modules already initialized, skipping
Refreshing native plugins compatible for Editor in 0.65 ms, found 2 plugins.
Preloading 0 native plugins for Editor in 0.00 ms.
Unloading 1691 Unused Serialized files (Serialized files now loaded: 0)
System memory in use before: 77.9 MB.
System memory in use after: 78.0 MB.

Unloading 19 unused Assets to reduce memory usage. Loaded Objects now: 2189.
Total: 4.605400 ms (FindLiveObjects: 0.288000 ms CreateObjectMapping: 0.097200 ms MarkObjects: 4.082100 ms  DeleteObjects: 0.134500 ms)

========================================================================
Received Import Request.
  Time since last request: 21.435299 seconds.
  path: Assets/Scripts/GameController.cs
  artifactKey: Guid(9dffa8638a742734d8f296a2877f80b8) Importer(815301076,1909f56bfc062723c751e8b465ee728b)
Start importing Assets/Scripts/GameController.cs using Guid(9dffa8638a742734d8f296a2877f80b8) Importer(815301076,1909f56bfc062723c751e8b465ee728b)  -> (artifact id: 'd817abd117798afbf6e31464cc7f213e') in 0.010713 seconds
  Import took 0.015113 seconds .

========================================================================
Received Prepare
Registering precompiled user dll's ...
Registered in 0.017857 seconds.
Begin MonoManager ReloadAssembly
Native extension for WindowsStandalone target not found
Native extension for WebGL target not found
Refreshing native plugins compatible for Editor in 0.81 ms, found 2 plugins.
Preloading 0 native plugins for Editor in 0.00 ms.
Mono: successfully reloaded assembly
- Completed reload, in  2.162 seconds
Platform modules already initialized, skipping
Refreshing native plugins compatible for Editor in 1.24 ms, found 2 plugins.
Preloading 0 native plugins for Editor in 0.00 ms.
Unloading 1691 Unused Serialized files (Serialized files now loaded: 0)
System memory in use before: 77.9 MB.
System memory in use after: 78.0 MB.

Unloading 19 unused Assets to reduce memory usage. Loaded Objects now: 2192.
Total: 5.555600 ms (FindLiveObjects: 0.307600 ms CreateObjectMapping: 0.084100 ms MarkObjects: 4.973200 ms  DeleteObjects: 0.187800 ms)

========================================================================
Received Import Request.
  Time since last request: 41.202234 seconds.
  path: Assets/Scripts/WallScript.cs
  artifactKey: Guid(8627527870a641243b47bb4267dd4441) Importer(815301076,1909f56bfc062723c751e8b465ee728b)
Start importing Assets/Scripts/WallScript.cs using Guid(8627527870a641243b47bb4267dd4441) Importer(815301076,1909f56bfc062723c751e8b465ee728b)  -> (artifact id: '4a1b48287224e4097216886fcda62b7d') in 0.010959 seconds
  Import took 0.016503 seconds .

========================================================================
Received Import Request.
  Time since last request: 0.010246 seconds.
  path: Assets/Scripts/WallScript.cs
  artifactKey: Guid(8627527870a641243b47bb4267dd4441) Importer(815301076,1909f56bfc062723c751e8b465ee728b)
Start importing Assets/Scripts/WallScript.cs using Guid(8627527870a641243b47bb4267dd4441) Importer(815301076,1909f56bfc062723c751e8b465ee728b)  -> (artifact id: '4a1b48287224e4097216886fcda62b7d') in 0.004164 seconds
  Import took 0.009245 seconds .

========================================================================
Received Prepare
Registering precompiled user dll's ...
Registered in 0.011239 seconds.
Begin MonoManager ReloadAssembly
Native extension for WindowsStandalone target not found
Native extension for WebGL target not found
Refreshing native plugins compatible for Editor in 0.65 ms, found 2 plugins.
Preloading 0 native plugins for Editor in 0.00 ms.
Mono: successfully reloaded assembly
- Completed reload, in  1.775 seconds
Platform modules already initialized, skipping
Refreshing native plugins compatible for Editor in 0.51 ms, found 2 plugins.
Preloading 0 native plugins for Editor in 0.00 ms.
Unloading 1691 Unused Serialized files (Serialized files now loaded: 0)
System memory in use before: 77.9 MB.
System memory in use after: 78.0 MB.

Unloading 19 unused Assets to reduce memory usage. Loaded Objects now: 2195.
Total: 3.802600 ms (FindLiveObjects: 0.268400 ms CreateObjectMapping: 0.089200 ms MarkObjects: 3.337600 ms  DeleteObjects: 0.104800 ms)

========================================================================
Received Prepare
Registering precompiled user dll's ...
Registered in 0.015246 seconds.
Begin MonoManager ReloadAssembly
Native extension for WindowsStandalone target not found
Native extension for WebGL target not found
Refreshing native plugins compatible for Editor in 1.08 ms, found 2 plugins.
Preloading 0 native plugins for Editor in 0.00 ms.
Mono: successfully reloaded assembly
- Completed reload, in  2.194 seconds
Platform modules already initialized, skipping
Refreshing native plugins compatible for Editor in 0.69 ms, found 2 plugins.
Preloading 0 native plugins for Editor in 0.00 ms.
Unloading 1691 Unused Serialized files (Serialized files now loaded: 0)
System memory in use before: 77.9 MB.
System memory in use after: 78.0 MB.

Unloading 19 unused Assets to reduce memory usage. Loaded Objects now: 2198.
Total: 3.545800 ms (FindLiveObjects: 0.498500 ms CreateObjectMapping: 0.109800 ms MarkObjects: 2.777600 ms  DeleteObjects: 0.156400 ms)

========================================================================
Received Import Request.
  Time since last request: 252.132952 seconds.
  path: Assets/Scripts/CameraMove.cs
  artifactKey: Guid(e81e2faa6ef84154b9de446ca3224abf) Importer(815301076,1909f56bfc062723c751e8b465ee728b)
Start importing Assets/Scripts/CameraMove.cs using Guid(e81e2faa6ef84154b9de446ca3224abf) Importer(815301076,1909f56bfc062723c751e8b465ee728b)  -> (artifact id: '4c2cc161ab4db7f1967d3336790b814f') in 0.015525 seconds
  Import took 0.020683 seconds .

========================================================================
Received Prepare
Registering precompiled user dll's ...
Registered in 0.016308 seconds.
Begin MonoManager ReloadAssembly
Native extension for WindowsStandalone target not found
Native extension for WebGL target not found
Refreshing native plugins compatible for Editor in 0.90 ms, found 2 plugins.
Preloading 0 native plugins for Editor in 0.00 ms.
Mono: successfully reloaded assembly
- Completed reload, in  1.667 seconds
Platform modules already initialized, skipping
Refreshing native plugins compatible for Editor in 0.57 ms, found 2 plugins.
Preloading 0 native plugins for Editor in 0.00 ms.
Unloading 1692 Unused Serialized files (Serialized files now loaded: 0)
System memory in use before: 77.9 MB.
System memory in use after: 78.0 MB.

Unloading 19 unused Assets to reduce memory usage. Loaded Objects now: 2202.
Total: 3.963900 ms (FindLiveObjects: 0.260400 ms CreateObjectMapping: 0.057100 ms MarkObjects: 3.484300 ms  DeleteObjects: 0.159900 ms)

========================================================================
Received Prepare
Registering precompiled user dll's ...
Registered in 0.007628 seconds.
Begin MonoManager ReloadAssembly
Native extension for WindowsStandalone target not found
Native extension for WebGL target not found
Refreshing native plugins compatible for Editor in 0.51 ms, found 2 plugins.
Preloading 0 native plugins for Editor in 0.00 ms.
Mono: successfully reloaded assembly
- Completed reload, in  1.296 seconds
Platform modules already initialized, skipping
Refreshing native plugins compatible for Editor in 0.51 ms, found 2 plugins.
Preloading 0 native plugins for Editor in 0.00 ms.
Unloading 1692 Unused Serialized files (Serialized files now loaded: 0)
System memory in use before: 78.0 MB.
System memory in use after: 78.0 MB.

Unloading 19 unused Assets to reduce memory usage. Loaded Objects now: 2205.
Total: 3.370700 ms (FindLiveObjects: 0.261500 ms CreateObjectMapping: 0.062700 ms MarkObjects: 2.941700 ms  DeleteObjects: 0.103100 ms)

========================================================================
Received Import Request.
  Time since last request: 325.462694 seconds.
  path: Assets/Scripts/CameraMove.cs
  artifactKey: Guid(e81e2faa6ef84154b9de446ca3224abf) Importer(815301076,1909f56bfc062723c751e8b465ee728b)
Start importing Assets/Scripts/CameraMove.cs using Guid(e81e2faa6ef84154b9de446ca3224abf) Importer(815301076,1909f56bfc062723c751e8b465ee728b)  -> (artifact id: 'e27cf04d9d2c233f5babac41855870d2') in 0.007301 seconds
  Import took 0.028435 seconds .

========================================================================
Received Prepare
Registering precompiled user dll's ...
Registered in 0.007610 seconds.
Begin MonoManager ReloadAssembly
Native extension for WindowsStandalone target not found
Native extension for WebGL target not found
Refreshing native plugins compatible for Editor in 0.53 ms, found 2 plugins.
Preloading 0 native plugins for Editor in 0.00 ms.
Mono: successfully reloaded assembly
- Completed reload, in  1.270 seconds
Platform modules already initialized, skipping
Refreshing native plugins compatible for Editor in 0.51 ms, found 2 plugins.
Preloading 0 native plugins for Editor in 0.00 ms.
Unloading 1692 Unused Serialized files (Serialized files now loaded: 0)
System memory in use before: 78.0 MB.
System memory in use after: 78.0 MB.

Unloading 19 unused Assets to reduce memory usage. Loaded Objects now: 2208.
Total: 3.758300 ms (FindLiveObjects: 0.297000 ms CreateObjectMapping: 0.090400 ms MarkObjects: 3.253300 ms  DeleteObjects: 0.115400 ms)

========================================================================
Received Import Request.
  Time since last request: 258.560792 seconds.
  path: Assets/Prefabs/Player.prefab
  artifactKey: Guid(295ee726123a62e4a898a740bb69a3b4) Importer(815301076,1909f56bfc062723c751e8b465ee728b)
Start importing Assets/Prefabs/Player.prefab using Guid(295ee726123a62e4a898a740bb69a3b4) Importer(815301076,1909f56bfc062723c751e8b465ee728b)  -> (artifact id: '9b2314b0f3a26ff5230ef8dd6c03d2a8') in 0.088903 seconds
  Import took 0.094299 seconds .

========================================================================
Received Import Request.
  Time since last request: 36.115070 seconds.
  path: Assets/Scripts/PlayerScript.cs
  artifactKey: Guid(b732dbba1eb18674bbb3a22ff78fce38) Importer(815301076,1909f56bfc062723c751e8b465ee728b)
Start importing Assets/Scripts/PlayerScript.cs using Guid(b732dbba1eb18674bbb3a22ff78fce38) Importer(815301076,1909f56bfc062723c751e8b465ee728b)  -> (artifact id: 'e925bcf07d5fad6b5d50d4a849445af6') in 0.031627 seconds
  Import took 0.035151 seconds .

========================================================================
Received Prepare
Registering precompiled user dll's ...
Registered in 0.010058 seconds.
Begin MonoManager ReloadAssembly
Native extension for WindowsStandalone target not found
Native extension for WebGL target not found
Refreshing native plugins compatible for Editor in 1.27 ms, found 2 plugins.
Preloading 0 native plugins for Editor in 0.00 ms.
Mono: successfully reloaded assembly
- Completed reload, in  2.439 seconds
Platform modules already initialized, skipping
Refreshing native plugins compatible for Editor in 0.86 ms, found 2 plugins.
Preloading 0 native plugins for Editor in 0.00 ms.
Unloading 1692 Unused Serialized files (Serialized files now loaded: 0)
System memory in use before: 78.0 MB.
System memory in use after: 78.1 MB.

Unloading 20 unused Assets to reduce memory usage. Loaded Objects now: 2212.
Total: 4.794900 ms (FindLiveObjects: 0.300500 ms CreateObjectMapping: 0.085100 ms MarkObjects: 4.219500 ms  DeleteObjects: 0.186800 ms)

========================================================================
Received Import Request.
  Time since last request: 1110.671625 seconds.
  path: Assets/Scripts/PlayerScript.cs
  artifactKey: Guid(b732dbba1eb18674bbb3a22ff78fce38) Importer(815301076,1909f56bfc062723c751e8b465ee728b)
Start importing Assets/Scripts/PlayerScript.cs using Guid(b732dbba1eb18674bbb3a22ff78fce38) Importer(815301076,1909f56bfc062723c751e8b465ee728b)  -> (artifact id: '08304ea4902f9d171eb870ac43950452') in 0.017376 seconds
  Import took 0.022438 seconds .

========================================================================
Received Import Request.
  Time since last request: 40.858975 seconds.
  path: Assets/Prefabs/Player.prefab
  artifactKey: Guid(295ee726123a62e4a898a740bb69a3b4) Importer(815301076,1909f56bfc062723c751e8b465ee728b)
Start importing Assets/Prefabs/Player.prefab using Guid(295ee726123a62e4a898a740bb69a3b4) Importer(815301076,1909f56bfc062723c751e8b465ee728b)  -> (artifact id: 'e8cb5295fe5c295bfa9cf2e3deacbaa9') in 0.102189 seconds
  Import took 0.106745 seconds .

========================================================================
Received Import Request.
  Time since last request: 1.488108 seconds.
  path: Assets/Prefabs/Player.prefab
  artifactKey: Guid(295ee726123a62e4a898a740bb69a3b4) Importer(815301076,1909f56bfc062723c751e8b465ee728b)
Start importing Assets/Prefabs/Player.prefab using Guid(295ee726123a62e4a898a740bb69a3b4) Importer(815301076,1909f56bfc062723c751e8b465ee728b)  -> (artifact id: '4ba7b7a3ee417b0fab5ca5b18421048c') in 0.024344 seconds
  Import took 0.029975 seconds .

========================================================================
Received Import Request.
  Time since last request: 0.038494 seconds.
  path: Assets/Prefabs/Player.prefab
  artifactKey: Guid(295ee726123a62e4a898a740bb69a3b4) Importer(815301076,1909f56bfc062723c751e8b465ee728b)
Start importing Assets/Prefabs/Player.prefab using Guid(295ee726123a62e4a898a740bb69a3b4) Importer(815301076,1909f56bfc062723c751e8b465ee728b)  -> (artifact id: '4ba7b7a3ee417b0fab5ca5b18421048c') in 0.021423 seconds
  Import took 0.025799 seconds .

========================================================================
Received Import Request.
  Time since last request: 106.541248 seconds.
  path: Assets/Scripts/JumpScript.cs
  artifactKey: Guid(8a337087b0fdca14eadc7d44fd3c3f30) Importer(815301076,1909f56bfc062723c751e8b465ee728b)
Start importing Assets/Scripts/JumpScript.cs using Guid(8a337087b0fdca14eadc7d44fd3c3f30) Importer(815301076,1909f56bfc062723c751e8b465ee728b)  -> (artifact id: 'b151c6c5302deeafa3099ceb8a8ba3c2') in 0.014236 seconds
  Import took 0.018435 seconds .

========================================================================
Received Prepare
Registering precompiled user dll's ...
Registered in 0.010734 seconds.
Begin MonoManager ReloadAssembly
Native extension for WindowsStandalone target not found
Native extension for WebGL target not found
Refreshing native plugins compatible for Editor in 0.60 ms, found 2 plugins.
Preloading 0 native plugins for Editor in 0.00 ms.
Mono: successfully reloaded assembly
- Completed reload, in  1.442 seconds
Platform modules already initialized, skipping
Refreshing native plugins compatible for Editor in 0.69 ms, found 2 plugins.
Preloading 0 native plugins for Editor in 0.00 ms.
Unloading 1693 Unused Serialized files (Serialized files now loaded: 0)
System memory in use before: 78.0 MB.
System memory in use after: 78.1 MB.

Unloading 20 unused Assets to reduce memory usage. Loaded Objects now: 2217.
Total: 2.990100 ms (FindLiveObjects: 0.298500 ms CreateObjectMapping: 0.091300 ms MarkObjects: 2.512500 ms  DeleteObjects: 0.085800 ms)

========================================================================
Received Import Request.
  Time since last request: 76.229628 seconds.
  path: Assets/Scripts/PlayerScript.cs
  artifactKey: Guid(b732dbba1eb18674bbb3a22ff78fce38) Importer(815301076,1909f56bfc062723c751e8b465ee728b)
Start importing Assets/Scripts/PlayerScript.cs using Guid(b732dbba1eb18674bbb3a22ff78fce38) Importer(815301076,1909f56bfc062723c751e8b465ee728b)  -> (artifact id: '838fa40eaa54d85df766eaaf89f4cf38') in 0.006247 seconds
  Import took 0.009406 seconds .

========================================================================
Received Prepare
Registering precompiled user dll's ...
Registered in 0.007818 seconds.
Begin MonoManager ReloadAssembly
Native extension for WindowsStandalone target not found
Native extension for WebGL target not found
Refreshing native plugins compatible for Editor in 0.49 ms, found 2 plugins.
Preloading 0 native plugins for Editor in 0.00 ms.
Mono: successfully reloaded assembly
- Completed reload, in  1.344 seconds
Platform modules already initialized, skipping
Refreshing native plugins compatible for Editor in 0.69 ms, found 2 plugins.
Preloading 0 native plugins for Editor in 0.00 ms.
Unloading 1692 Unused Serialized files (Serialized files now loaded: 0)
System memory in use before: 78.0 MB.
System memory in use after: 78.1 MB.

Unloading 20 unused Assets to reduce memory usage. Loaded Objects now: 2219.
Total: 3.620900 ms (FindLiveObjects: 0.321600 ms CreateObjectMapping: 0.102600 ms MarkObjects: 3.098200 ms  DeleteObjects: 0.096400 ms)

========================================================================
Received Prepare
Registering precompiled user dll's ...
Registered in 0.011616 seconds.
Begin MonoManager ReloadAssembly
Native extension for WindowsStandalone target not found
Native extension for WebGL target not found
Refreshing native plugins compatible for Editor in 0.59 ms, found 2 plugins.
Preloading 0 native plugins for Editor in 0.00 ms.
Mono: successfully reloaded assembly
- Completed reload, in  1.992 seconds
Platform modules already initialized, skipping
Refreshing native plugins compatible for Editor in 0.64 ms, found 2 plugins.
Preloading 0 native plugins for Editor in 0.00 ms.
Unloading 1692 Unused Serialized files (Serialized files now loaded: 0)
System memory in use before: 78.0 MB.
System memory in use after: 78.1 MB.

Unloading 19 unused Assets to reduce memory usage. Loaded Objects now: 2222.
Total: 4.959600 ms (FindLiveObjects: 0.456100 ms CreateObjectMapping: 0.089400 ms MarkObjects: 4.217900 ms  DeleteObjects: 0.192700 ms)

========================================================================
Received Import Request.
  Time since last request: 205.549480 seconds.
  path: Assets/Prefabs/Player.prefab
  artifactKey: Guid(295ee726123a62e4a898a740bb69a3b4) Importer(815301076,1909f56bfc062723c751e8b465ee728b)
Start importing Assets/Prefabs/Player.prefab using Guid(295ee726123a62e4a898a740bb69a3b4) Importer(815301076,1909f56bfc062723c751e8b465ee728b)  -> (artifact id: '50a763677d30bddab868ea8ac4ce61ae') in 0.124864 seconds
  Import took 0.129695 seconds .

========================================================================
Received Prepare
Registering precompiled user dll's ...
Registered in 0.009928 seconds.
Begin MonoManager ReloadAssembly
Native extension for WindowsStandalone target not found
Native extension for WebGL target not found
Refreshing native plugins compatible for Editor in 0.50 ms, found 2 plugins.
Preloading 0 native plugins for Editor in 0.00 ms.
Mono: successfully reloaded assembly
- Completed reload, in  1.410 seconds
Platform modules already initialized, skipping
Refreshing native plugins compatible for Editor in 0.50 ms, found 2 plugins.
Preloading 0 native plugins for Editor in 0.00 ms.
Unloading 1692 Unused Serialized files (Serialized files now loaded: 0)
System memory in use before: 78.0 MB.
System memory in use after: 78.1 MB.

Unloading 20 unused Assets to reduce memory usage. Loaded Objects now: 2226.
Total: 3.608500 ms (FindLiveObjects: 0.292900 ms CreateObjectMapping: 0.089100 ms MarkObjects: 3.122800 ms  DeleteObjects: 0.101700 ms)

========================================================================
Received Import Request.
  Time since last request: 308.654291 seconds.
  path: Assets/PolygonStarter/Models/SM_Generic_Tree_01.fbx
  artifactKey: Guid(eafcccb3a6a70464caf8371e0f6153df) Importer(815301076,1909f56bfc062723c751e8b465ee728b)
Start importing Assets/PolygonStarter/Models/SM_Generic_Tree_01.fbx using Guid(eafcccb3a6a70464caf8371e0f6153df) Importer(815301076,1909f56bfc062723c751e8b465ee728b)  -> (artifact id: '4cd510f5540f58a6b14618653c570fae') in 0.383557 seconds
  Import took 0.388847 seconds .

========================================================================
Received Import Request.
  Time since last request: 0.000264 seconds.
  path: Assets/PolygonStarter/Models/SM_Generic_TreeStump_01.fbx
  artifactKey: Guid(a64981f2d6b07c146ace71b6804c1339) Importer(815301076,1909f56bfc062723c751e8b465ee728b)
Start importing Assets/PolygonStarter/Models/SM_Generic_TreeStump_01.fbx using Guid(a64981f2d6b07c146ace71b6804c1339) Importer(815301076,1909f56bfc062723c751e8b465ee728b)  -> (artifact id: '6e143ba476e83293a845ee637779efb5') in 0.076084 seconds
  Import took 0.080213 seconds .

========================================================================
Received Import Request.
  Time since last request: 0.000241 seconds.
  path: Assets/PolygonStarter/Models/SM_PolygonCity_Veh_Car_Small_01.fbx
  artifactKey: Guid(3555aa14b7768e148a5d219046a2dc64) Importer(815301076,1909f56bfc062723c751e8b465ee728b)
Start importing Assets/PolygonStarter/Models/SM_PolygonCity_Veh_Car_Small_01.fbx using Guid(3555aa14b7768e148a5d219046a2dc64) Importer(815301076,1909f56bfc062723c751e8b465ee728b)  -> (artifact id: '267bde9fa68d7f18938e4d4e888791c2') in 0.237412 seconds
  Import took 0.241586 seconds .

========================================================================
Received Import Request.
  Time since last request: 0.000356 seconds.
  path: Assets/PolygonStarter/Models/SM_PolygonPrototype_Buildings_WallWindow_2x3_01P.fbx
  artifactKey: Guid(6be28cf95702ed2459d89932f1370fab) Importer(815301076,1909f56bfc062723c751e8b465ee728b)
Start importing Assets/PolygonStarter/Models/SM_PolygonPrototype_Buildings_WallWindow_2x3_01P.fbx using Guid(6be28cf95702ed2459d89932f1370fab) Importer(815301076,1909f56bfc062723c751e8b465ee728b)  -> (artifact id: 'fdc57c0167082fa54267caec2840ad5b') in 0.045173 seconds
  Import took 0.049357 seconds .

========================================================================
Received Import Request.
  Time since last request: 0.000340 seconds.
  path: Assets/PolygonStarter/Models/SM_PolygonPrototype_Buildings_Ramp_45_1x1_01P.fbx
  artifactKey: Guid(7e4cace35ee41bc41870fd214b6609e2) Importer(815301076,1909f56bfc062723c751e8b465ee728b)
Start importing Assets/PolygonStarter/Models/SM_PolygonPrototype_Buildings_Ramp_45_1x1_01P.fbx using Guid(7e4cace35ee41bc41870fd214b6609e2) Importer(815301076,1909f56bfc062723c751e8b465ee728b)  -> (artifact id: '914227d38bb5f2b46e7e2e794bdc908b') in 0.053953 seconds
  Import took 0.058388 seconds .

========================================================================
Received Import Request.
  Time since last request: 0.000425 seconds.
  path: Assets/PolygonStarter/Models/SM_PolygonPrototype_Prop_Target_03.fbx
  artifactKey: Guid(8332f017cfb13984196e491ffb1aaf3f) Importer(815301076,1909f56bfc062723c751e8b465ee728b)
Start importing Assets/PolygonStarter/Models/SM_PolygonPrototype_Prop_Target_03.fbx using Guid(8332f017cfb13984196e491ffb1aaf3f) Importer(815301076,1909f56bfc062723c751e8b465ee728b)  -> (artifact id: '5411ce8c0ad943b6262f507844506f94') in 0.032830 seconds
  Import took 0.036871 seconds .

========================================================================
Received Import Request.
  Time since last request: 0.000286 seconds.
  path: Assets/PolygonStarter/Models/SM_PolygonPrototype_Buildings_WallDoor_2x3_01P.fbx
  artifactKey: Guid(582c0251609fe624a98b3de23a6e89da) Importer(815301076,1909f56bfc062723c751e8b465ee728b)
Start importing Assets/PolygonStarter/Models/SM_PolygonPrototype_Buildings_WallDoor_2x3_01P.fbx using Guid(582c0251609fe624a98b3de23a6e89da) Importer(815301076,1909f56bfc062723c751e8b465ee728b)  -> (artifact id: 'acab0c43c3d4310c2f518f9f9a45c516') in 0.032175 seconds
  Import took 0.036738 seconds .

========================================================================
Received Import Request.
  Time since last request: 0.000297 seconds.
  path: Assets/PolygonStarter/Models/SM_Generic_TreeDead_01.fbx
  artifactKey: Guid(996ce56108cedf54681396d4595224f5) Importer(815301076,1909f56bfc062723c751e8b465ee728b)
Start importing Assets/PolygonStarter/Models/SM_Generic_TreeDead_01.fbx using Guid(996ce56108cedf54681396d4595224f5) Importer(815301076,1909f56bfc062723c751e8b465ee728b)  -> (artifact id: 'c3118070bdaabb309ee767068843eb05') in 0.059296 seconds
  Import took 0.063414 seconds .

========================================================================
Received Import Request.
  Time since last request: 0.000272 seconds.
  path: Assets/PolygonStarter/Models/SM_Wep_Shield_04.fbx
  artifactKey: Guid(87eb24cd8b7c5b145a5b6e0a7a932dcd) Importer(815301076,1909f56bfc062723c751e8b465ee728b)
Start importing Assets/PolygonStarter/Models/SM_Wep_Shield_04.fbx using Guid(87eb24cd8b7c5b145a5b6e0a7a932dcd) Importer(815301076,1909f56bfc062723c751e8b465ee728b)  -> (artifact id: '6ed5b75f921c452aa76b72bc42dec5ba') in 0.035896 seconds
  Import took 0.040373 seconds .

========================================================================
Received Import Request.
  Time since last request: 0.000349 seconds.
  path: Assets/PolygonStarter/Models/SM_PolygonPrototype_Buildings_Stairs_1x1_01P.fbx
  artifactKey: Guid(863c2e4bd290d4344bfa0c76e862a0cf) Importer(815301076,1909f56bfc062723c751e8b465ee728b)
Start importing Assets/PolygonStarter/Models/SM_PolygonPrototype_Buildings_Stairs_1x1_01P.fbx using Guid(863c2e4bd290d4344bfa0c76e862a0cf) Importer(815301076,1909f56bfc062723c751e8b465ee728b)  -> (artifact id: 'cfcc9d678b551fd72b1ef1ed6d87509e') in 0.030719 seconds
  Import took 0.034864 seconds .

========================================================================
Received Import Request.
  Time since last request: 0.000297 seconds.
  path: Assets/PolygonStarter/Models/SM_PolygonPrototype_Primitive_Sphere_01P.fbx
  artifactKey: Guid(d5e83122f8e5b6d4cae918de4ade20ed) Importer(815301076,1909f56bfc062723c751e8b465ee728b)
Start importing Assets/PolygonStarter/Models/SM_PolygonPrototype_Primitive_Sphere_01P.fbx using Guid(d5e83122f8e5b6d4cae918de4ade20ed) Importer(815301076,1909f56bfc062723c751e8b465ee728b)  -> (artifact id: '128fa60ce2ac7c943bb4898cddc6368b') in 0.046154 seconds
  Import took 0.050741 seconds .

========================================================================
Received Import Request.
  Time since last request: 0.000264 seconds.
  path: Assets/PolygonStarter/Models/SM_PolygonPrototype_Icon_Arrow_Small_01.fbx
  artifactKey: Guid(b9979013b18adc147ac208c3520b982e) Importer(815301076,1909f56bfc062723c751e8b465ee728b)
Start importing Assets/PolygonStarter/Models/SM_PolygonPrototype_Icon_Arrow_Small_01.fbx using Guid(b9979013b18adc147ac208c3520b982e) Importer(815301076,1909f56bfc062723c751e8b465ee728b)  -> (artifact id: '93146978115b029c00f8854644cd7e72') in 0.034192 seconds
  Import took 0.039196 seconds .

========================================================================
Received Import Request.
  Time since last request: 0.000248 seconds.
  path: Assets/PolygonStarter/Models/SM_Wep_Watergun_01.fbx
  artifactKey: Guid(e42a245ddc40f744994b4b96b407ec47) Importer(815301076,1909f56bfc062723c751e8b465ee728b)
Start importing Assets/PolygonStarter/Models/SM_Wep_Watergun_01.fbx using Guid(e42a245ddc40f744994b4b96b407ec47) Importer(815301076,1909f56bfc062723c751e8b465ee728b)  -> (artifact id: '53e3edfe64868a31f4df5e752e9bc79c') in 0.080395 seconds
  Import took 0.084695 seconds .

========================================================================
Received Import Request.
  Time since last request: 0.000341 seconds.
  path: Assets/PolygonStarter/Models/SM_Generic_Tree_02.fbx
  artifactKey: Guid(52e489a7682e53e4fbbd56a5eab52da6) Importer(815301076,1909f56bfc062723c751e8b465ee728b)
Start importing Assets/PolygonStarter/Models/SM_Generic_Tree_02.fbx using Guid(52e489a7682e53e4fbbd56a5eab52da6) Importer(815301076,1909f56bfc062723c751e8b465ee728b)  -> (artifact id: '0b23877f1d3b0409562583d06195203c') in 0.070381 seconds
  Import took 0.075149 seconds .

========================================================================
Received Import Request.
  Time since last request: 0.000319 seconds.
  path: Assets/PolygonStarter/Models/SM_PolygonPrototype_Buildings_Column_2x3_01P.fbx
  artifactKey: Guid(0d85decc1128f9c408b485218f4131e3) Importer(815301076,1909f56bfc062723c751e8b465ee728b)
Start importing Assets/PolygonStarter/Models/SM_PolygonPrototype_Buildings_Column_2x3_01P.fbx using Guid(0d85decc1128f9c408b485218f4131e3) Importer(815301076,1909f56bfc062723c751e8b465ee728b)  -> (artifact id: '65342b7ebfd71638ba183a87a39c06b3') in 0.028243 seconds
  Import took 0.032861 seconds .

========================================================================
Received Import Request.
  Time since last request: 0.000253 seconds.
  path: Assets/PolygonStarter/Models/SM_Generic_Tree_02.fbx
  artifactKey: Guid(52e489a7682e53e4fbbd56a5eab52da6) Importer(815301076,1909f56bfc062723c751e8b465ee728b)
Start importing Assets/PolygonStarter/Models/SM_Generic_Tree_02.fbx using Guid(52e489a7682e53e4fbbd56a5eab52da6) Importer(815301076,1909f56bfc062723c751e8b465ee728b)  -> (artifact id: '0b23877f1d3b0409562583d06195203c') in 0.023665 seconds
  Import took 0.027923 seconds .

========================================================================
Received Import Request.
  Time since last request: 0.000276 seconds.
  path: Assets/PolygonStarter/Models/SM_PolygonPrototype_Buildings_Ramp_25_1x1_01P.fbx
  artifactKey: Guid(61fb2dc939f73bf4882dd937f15fd0c1) Importer(815301076,1909f56bfc062723c751e8b465ee728b)
Start importing Assets/PolygonStarter/Models/SM_PolygonPrototype_Buildings_Ramp_25_1x1_01P.fbx using Guid(61fb2dc939f73bf4882dd937f15fd0c1) Importer(815301076,1909f56bfc062723c751e8b465ee728b)  -> (artifact id: 'b7c5b8bcac42a90581b2932035dc53ad') in 0.076734 seconds
  Import took 0.080769 seconds .

========================================================================
Received Import Request.
  Time since last request: 0.000294 seconds.
  path: Assets/PolygonStarter/Models/SM_PolygonPrototype_Primitive_Tube_01P.fbx
  artifactKey: Guid(d87ac280bde89b843b6fb7284ab0fed0) Importer(815301076,1909f56bfc062723c751e8b465ee728b)
Start importing Assets/PolygonStarter/Models/SM_PolygonPrototype_Primitive_Tube_01P.fbx using Guid(d87ac280bde89b843b6fb7284ab0fed0) Importer(815301076,1909f56bfc062723c751e8b465ee728b)  -> (artifact id: '8dc2a0c2cddb950b9ab616bf95f9bcc5') in 0.036330 seconds
  Import took 0.041375 seconds .

========================================================================
Received Import Request.
  Time since last request: 0.000365 seconds.
  path: Assets/PolygonStarter/Models/SM_PolygonPrototype_Prop_Cone_01.fbx
  artifactKey: Guid(10f4e51254da985418a112d2dfe124f0) Importer(815301076,1909f56bfc062723c751e8b465ee728b)
Start importing Assets/PolygonStarter/Models/SM_PolygonPrototype_Prop_Cone_01.fbx using Guid(10f4e51254da985418a112d2dfe124f0) Importer(815301076,1909f56bfc062723c751e8b465ee728b)  -> (artifact id: 'fb9e4622acb81719c9dae5458dfaa853') in 0.033431 seconds
  Import took 0.037394 seconds .

========================================================================
Received Import Request.
  Time since last request: 0.000309 seconds.
  path: Assets/PolygonStarter/Models/SM_Veh_Plane_Stunt_01.fbx
  artifactKey: Guid(89cfb46882e163d428cb9f3d79ae2393) Importer(815301076,1909f56bfc062723c751e8b465ee728b)
Start importing Assets/PolygonStarter/Models/SM_Veh_Plane_Stunt_01.fbx using Guid(89cfb46882e163d428cb9f3d79ae2393) Importer(815301076,1909f56bfc062723c751e8b465ee728b)  -> (artifact id: '6b476cb544dbad0b9a097c4c0cb999bb') in 0.289347 seconds
  Import took 0.293576 seconds .

========================================================================
Received Import Request.
  Time since last request: 0.000236 seconds.
  path: Assets/PolygonStarter/Models/SM_Generic_Tree_04.fbx
  artifactKey: Guid(0b35305b613e7904395698641c0150cc) Importer(815301076,1909f56bfc062723c751e8b465ee728b)
Start importing Assets/PolygonStarter/Models/SM_Generic_Tree_04.fbx using Guid(0b35305b613e7904395698641c0150cc) Importer(815301076,1909f56bfc062723c751e8b465ee728b)  -> (artifact id: '47943603994bc71ae741df51f8940408') in 0.102802 seconds
  Import took 0.106954 seconds .

========================================================================
Received Import Request.
  Time since last request: 0.000315 seconds.
  path: Assets/PolygonStarter/Models/SM_PolygonPrototype_Buildings_DoorFrame_01P.fbx
  artifactKey: Guid(7ce54f0ead747e44e8ca2778de346dd6) Importer(815301076,1909f56bfc062723c751e8b465ee728b)
Start importing Assets/PolygonStarter/Models/SM_PolygonPrototype_Buildings_DoorFrame_01P.fbx using Guid(7ce54f0ead747e44e8ca2778de346dd6) Importer(815301076,1909f56bfc062723c751e8b465ee728b)  -> (artifact id: '36b4ff6bb22270eb75647dfce7a6bdbb') in 0.049300 seconds
  Import took 0.053808 seconds .

========================================================================
Received Import Request.
  Time since last request: 0.000396 seconds.
  path: Assets/PolygonStarter/Models/SM_PolygonPrototype_Buildings_Floor_1x1_01P.fbx
  artifactKey: Guid(efecce0669e04d14aada7871935a434d) Importer(815301076,1909f56bfc062723c751e8b465ee728b)
Start importing Assets/PolygonStarter/Models/SM_PolygonPrototype_Buildings_Floor_1x1_01P.fbx using Guid(efecce0669e04d14aada7871935a434d) Importer(815301076,1909f56bfc062723c751e8b465ee728b)  -> (artifact id: '2574898b06d05c2e0f4d0e710d641140') in 0.055903 seconds
  Import took 0.059875 seconds .

========================================================================
Received Import Request.
  Time since last request: 0.000309 seconds.
  path: Assets/PolygonStarter/Models/SM_PolygonPrototype_Buildings_Floor_5x5_01P.fbx
  artifactKey: Guid(08b90f6a0b333ce47b856ad0651fdde4) Importer(815301076,1909f56bfc062723c751e8b465ee728b)
Start importing Assets/PolygonStarter/Models/SM_PolygonPrototype_Buildings_Floor_5x5_01P.fbx using Guid(08b90f6a0b333ce47b856ad0651fdde4) Importer(815301076,1909f56bfc062723c751e8b465ee728b)  -> (artifact id: '15f248b3b178b7cbb2916472175b3dac') in 0.026906 seconds
  Import took 0.031349 seconds .

========================================================================
Received Import Request.
  Time since last request: 0.000240 seconds.
  path: Assets/PolygonStarter/Models/SM_Generic_Tree_03.fbx
  artifactKey: Guid(f83ed2876384d1f4cb9b147d9bd0fd4b) Importer(815301076,1909f56bfc062723c751e8b465ee728b)
Start importing Assets/PolygonStarter/Models/SM_Generic_Tree_03.fbx using Guid(f83ed2876384d1f4cb9b147d9bd0fd4b) Importer(815301076,1909f56bfc062723c751e8b465ee728b)  -> (artifact id: 'f2cff53329cbd704f0a2bd36dbe2dfa5') in 0.080601 seconds
  Import took 0.085816 seconds .

========================================================================
Received Import Request.
  Time since last request: 0.000307 seconds.
  path: Assets/PolygonStarter/Models/SM_PolygonPrototype_Prop_Crate_03.fbx
  artifactKey: Guid(8dca5595cdaced544b3bca78ca84e8d8) Importer(815301076,1909f56bfc062723c751e8b465ee728b)
Start importing Assets/PolygonStarter/Models/SM_PolygonPrototype_Prop_Crate_03.fbx using Guid(8dca5595cdaced544b3bca78ca84e8d8) Importer(815301076,1909f56bfc062723c751e8b465ee728b)  -> (artifact id: '8d2f45421fc6280695be895440b507f1') in 0.036543 seconds
  Import took 0.040969 seconds .

========================================================================
Received Import Request.
  Time since last request: 0.000270 seconds.
  path: Assets/PolygonStarter/Models/SM_Generic_Tree_03.fbx
  artifactKey: Guid(f83ed2876384d1f4cb9b147d9bd0fd4b) Importer(815301076,1909f56bfc062723c751e8b465ee728b)
Start importing Assets/PolygonStarter/Models/SM_Generic_Tree_03.fbx using Guid(f83ed2876384d1f4cb9b147d9bd0fd4b) Importer(815301076,1909f56bfc062723c751e8b465ee728b)  -> (artifact id: 'f2cff53329cbd704f0a2bd36dbe2dfa5') in 0.024653 seconds
  Import took 0.029335 seconds .

========================================================================
Received Import Request.
  Time since last request: 0.000267 seconds.
  path: Assets/PolygonStarter/Models/SM_PolygonPrototype_Icon_Letter_Question_01.fbx
  artifactKey: Guid(d3451d4509d73de44aa114b52f182239) Importer(815301076,1909f56bfc062723c751e8b465ee728b)
Start importing Assets/PolygonStarter/Models/SM_PolygonPrototype_Icon_Letter_Question_01.fbx using Guid(d3451d4509d73de44aa114b52f182239) Importer(815301076,1909f56bfc062723c751e8b465ee728b)  -> (artifact id: '8b6ff2966e6cdf048c73068fa04bef84') in 0.068010 seconds
  Import took 0.072881 seconds .

========================================================================
Received Import Request.
  Time since last request: 0.000321 seconds.
  path: Assets/PolygonStarter/Models/SM_PolygonPrototype_Primitive_Cylander_01P.fbx
  artifactKey: Guid(5cbb72520f7443f49b700d24eeec82e9) Importer(815301076,1909f56bfc062723c751e8b465ee728b)
Start importing Assets/PolygonStarter/Models/SM_PolygonPrototype_Primitive_Cylander_01P.fbx using Guid(5cbb72520f7443f49b700d24eeec82e9) Importer(815301076,1909f56bfc062723c751e8b465ee728b)  -> (artifact id: '72cb846e106b6aae4ca4231a76bd6239') in 0.074105 seconds
  Import took 0.079243 seconds .

========================================================================
Received Import Request.
  Time since last request: 0.000271 seconds.
  path: Assets/PolygonStarter/Models/SM_PolygonPrototype_Buildings_Stairs_1x3_01P.fbx
  artifactKey: Guid(4d167806285be1145935ba43ca5996fd) Importer(815301076,1909f56bfc062723c751e8b465ee728b)
Start importing Assets/PolygonStarter/Models/SM_PolygonPrototype_Buildings_Stairs_1x3_01P.fbx using Guid(4d167806285be1145935ba43ca5996fd) Importer(815301076,1909f56bfc062723c751e8b465ee728b)  -> (artifact id: '06bdfddc96aa4ec8541a6fc26daf34a3') in 0.075782 seconds
  Import took 0.080463 seconds .

========================================================================
Received Import Request.
  Time since last request: 0.000285 seconds.
  path: Assets/PolygonStarter/Models/SM_PolygonPrototype_Prop_Ladder_1x2_01P.fbx
  artifactKey: Guid(e9671205b5c307944a4c1715dbd3cf31) Importer(815301076,1909f56bfc062723c751e8b465ee728b)
Start importing Assets/PolygonStarter/Models/SM_PolygonPrototype_Prop_Ladder_1x2_01P.fbx using Guid(e9671205b5c307944a4c1715dbd3cf31) Importer(815301076,1909f56bfc062723c751e8b465ee728b)  -> (artifact id: '88cb5abf23cc8ad323dd9b01896a8bf6') in 0.098546 seconds
  Import took 0.103008 seconds .

========================================================================
Received Import Request.
  Time since last request: 0.000291 seconds.
  path: Assets/PolygonStarter/Models/SM_PolygonPrototype_Prop_Sword_01.fbx
  artifactKey: Guid(5177448ec4a4be94ab1faeb920c5e49d) Importer(815301076,1909f56bfc062723c751e8b465ee728b)
Start importing Assets/PolygonStarter/Models/SM_PolygonPrototype_Prop_Sword_01.fbx using Guid(5177448ec4a4be94ab1faeb920c5e49d) Importer(815301076,1909f56bfc062723c751e8b465ee728b)  -> (artifact id: '25366e9e69688a2d62cbfc0417a15903') in 0.036461 seconds
  Import took 0.041191 seconds .

========================================================================
Received Import Request.
  Time since last request: 0.000283 seconds.
  path: Assets/PolygonStarter/Models/SM_PolygonPrototype_Primitive_Cone_01P.fbx
  artifactKey: Guid(8d1a2ae25a118b4489e87176fcf3bbf9) Importer(815301076,1909f56bfc062723c751e8b465ee728b)
Start importing Assets/PolygonStarter/Models/SM_PolygonPrototype_Primitive_Cone_01P.fbx using Guid(8d1a2ae25a118b4489e87176fcf3bbf9) Importer(815301076,1909f56bfc062723c751e8b465ee728b)  -> (artifact id: '25d00c96fa6c0f06d68bd440be7f8ba1') in 0.079365 seconds
  Import took 0.083961 seconds .

========================================================================
Received Import Request.
  Time since last request: 0.000275 seconds.
  path: Assets/PolygonStarter/Models/SM_Wep_Watergun_02.fbx
  artifactKey: Guid(27d85ed0b41b13e4b931011bd61b932b) Importer(815301076,1909f56bfc062723c751e8b465ee728b)
Start importing Assets/PolygonStarter/Models/SM_Wep_Watergun_02.fbx using Guid(27d85ed0b41b13e4b931011bd61b932b) Importer(815301076,1909f56bfc062723c751e8b465ee728b)  -> (artifact id: '5a531a073940359b57c566e3458d420c') in 0.078494 seconds
  Import took 0.082857 seconds .

========================================================================
Received Import Request.
  Time since last request: 0.000301 seconds.
  path: Assets/PolygonStarter/Models/SM_PolygonApocalypse_Bld_House_01.fbx
  artifactKey: Guid(373fc854d939a1346a2f460d917cad73) Importer(815301076,1909f56bfc062723c751e8b465ee728b)
Start importing Assets/PolygonStarter/Models/SM_PolygonApocalypse_Bld_House_01.fbx using Guid(373fc854d939a1346a2f460d917cad73) Importer(815301076,1909f56bfc062723c751e8b465ee728b)  -> (artifact id: 'bb8d2b72d1f0c92e1c9ea78eaa1aff69') in 0.044919 seconds
  Import took 0.049988 seconds .

========================================================================
Received Import Request.
  Time since last request: 0.000321 seconds.
  path: Assets/PolygonStarter/Models/SM_Prop_Plane_Ring_01.fbx
  artifactKey: Guid(8d1177ba3d7335442be5de9e2472ae26) Importer(815301076,1909f56bfc062723c751e8b465ee728b)
Start importing Assets/PolygonStarter/Models/SM_Prop_Plane_Ring_01.fbx using Guid(8d1177ba3d7335442be5de9e2472ae26) Importer(815301076,1909f56bfc062723c751e8b465ee728b)  -> (artifact id: '52c3f943a87a0b8ef2978579e16d8c14') in 0.033778 seconds
  Import took 0.038180 seconds .

========================================================================
Received Import Request.
  Time since last request: 0.000381 seconds.
  path: Assets/PolygonStarter/Models/SM_PolygonApocalypse_Bld_House_01.fbx
  artifactKey: Guid(373fc854d939a1346a2f460d917cad73) Importer(815301076,1909f56bfc062723c751e8b465ee728b)
Start importing Assets/PolygonStarter/Models/SM_PolygonApocalypse_Bld_House_01.fbx using Guid(373fc854d939a1346a2f460d917cad73) Importer(815301076,1909f56bfc062723c751e8b465ee728b)  -> (artifact id: 'bb8d2b72d1f0c92e1c9ea78eaa1aff69') in 0.024763 seconds
  Import took 0.029454 seconds .

========================================================================
Received Import Request.
  Time since last request: 0.000253 seconds.
  path: Assets/PolygonStarter/Models/SM_Wep_WaterPistol_01.fbx
  artifactKey: Guid(1d2d5f0a598df4e4d833227a0b9dd82d) Importer(815301076,1909f56bfc062723c751e8b465ee728b)
Start importing Assets/PolygonStarter/Models/SM_Wep_WaterPistol_01.fbx using Guid(1d2d5f0a598df4e4d833227a0b9dd82d) Importer(815301076,1909f56bfc062723c751e8b465ee728b)  -> (artifact id: '5d9b12a075b753a5770edafcb05b21b3') in 0.047087 seconds
  Import took 0.051709 seconds .

========================================================================
Received Import Request.
  Time since last request: 0.000315 seconds.
  path: Assets/PolygonStarter/Models/SM_SimpleSky_Dome_01.fbx
  artifactKey: Guid(e9ca908cdd3e3f54a8fd61457b2a8c60) Importer(815301076,1909f56bfc062723c751e8b465ee728b)
Start importing Assets/PolygonStarter/Models/SM_SimpleSky_Dome_01.fbx using Guid(e9ca908cdd3e3f54a8fd61457b2a8c60) Importer(815301076,1909f56bfc062723c751e8b465ee728b)  -> (artifact id: 'bb86950fda8a009a618f811451dedb7e') in 0.099917 seconds
  Import took 0.104456 seconds .

========================================================================
Received Import Request.
  Time since last request: 0.000336 seconds.
  path: Assets/PolygonStarter/Models/SM_PolygonPrototype_Icon_Coin_01.fbx
  artifactKey: Guid(b00a06e965af79a4c917d2b450d64c54) Importer(815301076,1909f56bfc062723c751e8b465ee728b)
Start importing Assets/PolygonStarter/Models/SM_PolygonPrototype_Icon_Coin_01.fbx using Guid(b00a06e965af79a4c917d2b450d64c54) Importer(815301076,1909f56bfc062723c751e8b465ee728b)  -> (artifact id: 'a612495df11ff54e804e89d3f423f89f') in 0.029977 seconds
  Import took 0.035559 seconds .

========================================================================
Received Import Request.
  Time since last request: 0.000282 seconds.
  path: Assets/PolygonStarter/Models/SM_PolygonPrototype_Buildings_Block_1x1_01P.fbx
  artifactKey: Guid(6b3e08b19a8a5bc42aca2b30611da807) Importer(815301076,1909f56bfc062723c751e8b465ee728b)
Start importing Assets/PolygonStarter/Models/SM_PolygonPrototype_Buildings_Block_1x1_01P.fbx using Guid(6b3e08b19a8a5bc42aca2b30611da807) Importer(815301076,1909f56bfc062723c751e8b465ee728b)  -> (artifact id: 'f118031ee5b36f1974754e9efe659bc8') in 0.029172 seconds
  Import took 0.049781 seconds .

========================================================================
Received Prepare
Registering precompiled user dll's ...
Registered in 0.010462 seconds.
Begin MonoManager ReloadAssembly
Native extension for WindowsStandalone target not found
Native extension for WebGL target not found
Refreshing native plugins compatible for Editor in 0.51 ms, found 2 plugins.
Preloading 0 native plugins for Editor in 0.00 ms.
Mono: successfully reloaded assembly
- Completed reload, in  1.543 seconds
Platform modules already initialized, skipping
Refreshing native plugins compatible for Editor in 0.51 ms, found 2 plugins.
Preloading 0 native plugins for Editor in 0.00 ms.
Unloading 1692 Unused Serialized files (Serialized files now loaded: 0)
System memory in use before: 78.3 MB.
System memory in use after: 78.4 MB.

Unloading 20 unused Assets to reduce memory usage. Loaded Objects now: 2233.
Total: 4.029000 ms (FindLiveObjects: 0.310300 ms CreateObjectMapping: 0.089900 ms MarkObjects: 3.522800 ms  DeleteObjects: 0.103800 ms)

========================================================================
Received Prepare
Registering precompiled user dll's ...
Registered in 0.008499 seconds.
Begin MonoManager ReloadAssembly
Native extension for WindowsStandalone target not found
Native extension for WebGL target not found
Refreshing native plugins compatible for Editor in 0.64 ms, found 2 plugins.
Preloading 0 native plugins for Editor in 0.00 ms.
Mono: successfully reloaded assembly
- Completed reload, in  1.379 seconds
Platform modules already initialized, skipping
Refreshing native plugins compatible for Editor in 0.50 ms, found 2 plugins.
Preloading 0 native plugins for Editor in 0.00 ms.
Unloading 1692 Unused Serialized files (Serialized files now loaded: 0)
System memory in use before: 78.3 MB.
System memory in use after: 78.4 MB.

Unloading 19 unused Assets to reduce memory usage. Loaded Objects now: 2236.
Total: 3.747800 ms (FindLiveObjects: 0.295100 ms CreateObjectMapping: 0.092500 ms MarkObjects: 3.255000 ms  DeleteObjects: 0.102800 ms)

========================================================================
Received Import Request.
  Time since last request: 257.446151 seconds.
  path: Assets/Scripts/WallScript.cs
  artifactKey: Guid(8627527870a641243b47bb4267dd4441) Importer(815301076,1909f56bfc062723c751e8b465ee728b)
Start importing Assets/Scripts/WallScript.cs using Guid(8627527870a641243b47bb4267dd4441) Importer(815301076,1909f56bfc062723c751e8b465ee728b)  -> (artifact id: 'bcc87781e7490892014f4f217f4e43f0') in 0.012863 seconds
  Import took 0.017107 seconds .

========================================================================
Received Prepare
Registering precompiled user dll's ...
Registered in 0.007673 seconds.
Begin MonoManager ReloadAssembly
Native extension for WindowsStandalone target not found
Native extension for WebGL target not found
Refreshing native plugins compatible for Editor in 0.50 ms, found 2 plugins.
Preloading 0 native plugins for Editor in 0.00 ms.
Mono: successfully reloaded assembly
- Completed reload, in  1.405 seconds
Platform modules already initialized, skipping
Refreshing native plugins compatible for Editor in 0.50 ms, found 2 plugins.
Preloading 0 native plugins for Editor in 0.00 ms.
Unloading 1692 Unused Serialized files (Serialized files now loaded: 0)
System memory in use before: 78.3 MB.
System memory in use after: 78.4 MB.

Unloading 19 unused Assets to reduce memory usage. Loaded Objects now: 2239.
Total: 3.297900 ms (FindLiveObjects: 0.297900 ms CreateObjectMapping: 0.105700 ms MarkObjects: 2.795600 ms  DeleteObjects: 0.096800 ms)

========================================================================
Received Prepare
Registering precompiled user dll's ...
Registered in 0.008227 seconds.
Begin MonoManager ReloadAssembly
Native extension for WindowsStandalone target not found
Native extension for WebGL target not found
Refreshing native plugins compatible for Editor in 0.52 ms, found 2 plugins.
Preloading 0 native plugins for Editor in 0.00 ms.
Mono: successfully reloaded assembly
- Completed reload, in  1.618 seconds
Platform modules already initialized, skipping
Refreshing native plugins compatible for Editor in 0.50 ms, found 2 plugins.
Preloading 0 native plugins for Editor in 0.00 ms.
Unloading 1692 Unused Serialized files (Serialized files now loaded: 0)
System memory in use before: 78.4 MB.
System memory in use after: 78.5 MB.

Unloading 19 unused Assets to reduce memory usage. Loaded Objects now: 2242.
Total: 3.494200 ms (FindLiveObjects: 0.257900 ms CreateObjectMapping: 0.064800 ms MarkObjects: 3.068600 ms  DeleteObjects: 0.101000 ms)

========================================================================
Received Prepare
Registering precompiled user dll's ...
Registered in 0.007981 seconds.
Begin MonoManager ReloadAssembly
Native extension for WindowsStandalone target not found
Native extension for WebGL target not found
Refreshing native plugins compatible for Editor in 0.62 ms, found 2 plugins.
Preloading 0 native plugins for Editor in 0.00 ms.
Mono: successfully reloaded assembly
- Completed reload, in  1.591 seconds
Platform modules already initialized, skipping
Refreshing native plugins compatible for Editor in 0.88 ms, found 2 plugins.
Preloading 0 native plugins for Editor in 0.00 ms.
Unloading 1692 Unused Serialized files (Serialized files now loaded: 0)
System memory in use before: 78.4 MB.
System memory in use after: 78.5 MB.

Unloading 19 unused Assets to reduce memory usage. Loaded Objects now: 2245.
Total: 2.721900 ms (FindLiveObjects: 0.343000 ms CreateObjectMapping: 0.100900 ms MarkObjects: 2.192000 ms  DeleteObjects: 0.084000 ms)

========================================================================
Received Import Request.
  Time since last request: 2330.093555 seconds.
  path: Assets/Scripts/FimJogo.cs
  artifactKey: Guid(baf6547e21a69954b906385c26cb5bc4) Importer(815301076,1909f56bfc062723c751e8b465ee728b)
Start importing Assets/Scripts/FimJogo.cs using Guid(baf6547e21a69954b906385c26cb5bc4) Importer(815301076,1909f56bfc062723c751e8b465ee728b)  -> (artifact id: '634f380b30ef20fe98f431801ed4203e') in 0.016974 seconds
  Import took 0.022226 seconds .

========================================================================
Received Prepare
Registering precompiled user dll's ...
Registered in 0.008595 seconds.
Begin MonoManager ReloadAssembly
Native extension for WindowsStandalone target not found
Native extension for WebGL target not found
Refreshing native plugins compatible for Editor in 0.53 ms, found 2 plugins.
Preloading 0 native plugins for Editor in 0.00 ms.
Mono: successfully reloaded assembly
- Completed reload, in  1.388 seconds
Platform modules already initialized, skipping
Refreshing native plugins compatible for Editor in 0.49 ms, found 2 plugins.
Preloading 0 native plugins for Editor in 0.00 ms.
Unloading 1693 Unused Serialized files (Serialized files now loaded: 0)
System memory in use before: 78.5 MB.
System memory in use after: 78.5 MB.

Unloading 19 unused Assets to reduce memory usage. Loaded Objects now: 2249.
Total: 3.791300 ms (FindLiveObjects: 0.267200 ms CreateObjectMapping: 0.066800 ms MarkObjects: 3.348200 ms  DeleteObjects: 0.107200 ms)

========================================================================
Received Prepare
Registering precompiled user dll's ...
Registered in 0.007079 seconds.
Begin MonoManager ReloadAssembly
Native extension for WindowsStandalone target not found
Native extension for WebGL target not found
Refreshing native plugins compatible for Editor in 0.51 ms, found 2 plugins.
Preloading 0 native plugins for Editor in 0.00 ms.
Mono: successfully reloaded assembly
- Completed reload, in  1.224 seconds
Platform modules already initialized, skipping
Refreshing native plugins compatible for Editor in 0.50 ms, found 2 plugins.
Preloading 0 native plugins for Editor in 0.00 ms.
Unloading 1693 Unused Serialized files (Serialized files now loaded: 0)
System memory in use before: 78.5 MB.
System memory in use after: 78.6 MB.

Unloading 19 unused Assets to reduce memory usage. Loaded Objects now: 2252.
Total: 3.147200 ms (FindLiveObjects: 0.252300 ms CreateObjectMapping: 0.062100 ms MarkObjects: 2.735400 ms  DeleteObjects: 0.095900 ms)

========================================================================
Received Import Request.
  Time since last request: 322.474598 seconds.
  path: Assets/Scripts/WallScript.cs
  artifactKey: Guid(8627527870a641243b47bb4267dd4441) Importer(815301076,1909f56bfc062723c751e8b465ee728b)
Start importing Assets/Scripts/WallScript.cs using Guid(8627527870a641243b47bb4267dd4441) Importer(815301076,1909f56bfc062723c751e8b465ee728b)  -> (artifact id: 'cb73a9bfc465d7ebd0896d35dfe60771') in 0.007116 seconds
  Import took 0.010612 seconds .

========================================================================
Received Import Request.
  Time since last request: 0.000482 seconds.
  path: Assets/Scripts/WallScript.cs
  artifactKey: Guid(8627527870a641243b47bb4267dd4441) Importer(815301076,1909f56bfc062723c751e8b465ee728b)
Start importing Assets/Scripts/WallScript.cs using Guid(8627527870a641243b47bb4267dd4441) Importer(815301076,1909f56bfc062723c751e8b465ee728b)  -> (artifact id: 'cb73a9bfc465d7ebd0896d35dfe60771') in 0.003572 seconds
  Import took 0.006922 seconds .

========================================================================
Received Import Request.
  Time since last request: 199.731385 seconds.
  path: Assets/Prefabs/Player.prefab
  artifactKey: Guid(295ee726123a62e4a898a740bb69a3b4) Importer(815301076,1909f56bfc062723c751e8b465ee728b)
Start importing Assets/Prefabs/Player.prefab using Guid(295ee726123a62e4a898a740bb69a3b4) Importer(815301076,1909f56bfc062723c751e8b465ee728b)  -> (artifact id: '1592ceb8713f4de766c03387086ccf0f') in 0.112975 seconds
  Import took 0.117661 seconds .

========================================================================
Received Prepare
Registering precompiled user dll's ...
Registered in 0.007784 seconds.
Begin MonoManager ReloadAssembly
Native extension for WindowsStandalone target not found
Native extension for WebGL target not found
Refreshing native plugins compatible for Editor in 0.50 ms, found 2 plugins.
Preloading 0 native plugins for Editor in 0.00 ms.
Mono: successfully reloaded assembly
- Completed reload, in  1.339 seconds
Platform modules already initialized, skipping
Refreshing native plugins compatible for Editor in 0.63 ms, found 2 plugins.
Preloading 0 native plugins for Editor in 0.00 ms.
Unloading 1693 Unused Serialized files (Serialized files now loaded: 0)
System memory in use before: 78.5 MB.
System memory in use after: 78.5 MB.

Unloading 20 unused Assets to reduce memory usage. Loaded Objects now: 2256.
Total: 3.565500 ms (FindLiveObjects: 0.300900 ms CreateObjectMapping: 0.086600 ms MarkObjects: 3.070600 ms  DeleteObjects: 0.105300 ms)

========================================================================
Received Prepare
Registering precompiled user dll's ...
Registered in 0.009727 seconds.
Begin MonoManager ReloadAssembly
Native extension for WindowsStandalone target not found
Native extension for WebGL target not found
Refreshing native plugins compatible for Editor in 0.89 ms, found 2 plugins.
Preloading 0 native plugins for Editor in 0.00 ms.
Mono: successfully reloaded assembly
- Completed reload, in  2.040 seconds
Platform modules already initialized, skipping
Refreshing native plugins compatible for Editor in 0.70 ms, found 2 plugins.
Preloading 0 native plugins for Editor in 0.00 ms.
Unloading 1693 Unused Serialized files (Serialized files now loaded: 0)
System memory in use before: 78.5 MB.
System memory in use after: 78.5 MB.

Unloading 19 unused Assets to reduce memory usage. Loaded Objects now: 2259.
Total: 4.197100 ms (FindLiveObjects: 0.466200 ms CreateObjectMapping: 0.072100 ms MarkObjects: 3.551000 ms  DeleteObjects: 0.105500 ms)

========================================================================
Received Prepare
Registering precompiled user dll's ...
Registered in 0.007615 seconds.
Begin MonoManager ReloadAssembly
Native extension for WindowsStandalone target not found
Native extension for WebGL target not found
Refreshing native plugins compatible for Editor in 0.77 ms, found 2 plugins.
Preloading 0 native plugins for Editor in 0.00 ms.
Mono: successfully reloaded assembly
- Completed reload, in  1.997 seconds
Platform modules already initialized, skipping
Refreshing native plugins compatible for Editor in 0.62 ms, found 2 plugins.
Preloading 0 native plugins for Editor in 0.00 ms.
Unloading 1693 Unused Serialized files (Serialized files now loaded: 0)
System memory in use before: 78.5 MB.
System memory in use after: 78.5 MB.

Unloading 19 unused Assets to reduce memory usage. Loaded Objects now: 2262.
Total: 4.900700 ms (FindLiveObjects: 0.367500 ms CreateObjectMapping: 0.147400 ms MarkObjects: 4.283400 ms  DeleteObjects: 0.100500 ms)

AssetImportWorkerClient::OnTransportError - code=2 error=End of file
